0 info it worked if it ends with ok
1 verbose cli [ '/Users/toish/.nvm/versions/node/v6.9.2/bin/node',
1 verbose cli   '/Users/toish/.nvm/versions/node/v6.9.2/bin/npm',
1 verbose cli   'run',
1 verbose cli   'test' ]
2 info using npm@3.10.9
3 info using node@v6.9.2
4 verbose run-script [ 'pretest', 'test', 'posttest' ]
5 info lifecycle chromatism@2.4.3~pretest: chromatism@2.4.3
6 silly lifecycle chromatism@2.4.3~pretest: no script for pretest, continuing
7 info lifecycle chromatism@2.4.3~test: chromatism@2.4.3
8 verbose lifecycle chromatism@2.4.3~test: unsafe-perm in lifecycle true
9 verbose lifecycle chromatism@2.4.3~test: PATH: /Users/toish/.nvm/versions/node/v6.9.2/lib/node_modules/npm/bin/node-gyp-bin:/Users/toish/dev/chromatism/node_modules/.bin:/usr/local/opt/curl/bin:/Users/toish/.nvm/versions/node/v6.9.2/bin:/Applications/AMPPS/php-5.6/bin:/usr/local/bin:/usr/bin:/bin:/usr/sbin:/sbin:/opt/X11/bin:/usr/local/opt/go/libexec/bin:/Users/toish/.local/bin
10 verbose lifecycle chromatism@2.4.3~test: CWD: /Users/toish/dev/chromatism
11 silly lifecycle chromatism@2.4.3~test: Args: [ '-c', 'mocha' ]
12 silly lifecycle chromatism@2.4.3~test: Returned: code: 19  signal: null
13 info lifecycle chromatism@2.4.3~test: Failed to exec test script
14 verbose stack Error: chromatism@2.4.3 test: `mocha`
14 verbose stack Exit status 19
14 verbose stack     at EventEmitter.<anonymous> (/Users/toish/.nvm/versions/node/v6.9.2/lib/node_modules/npm/lib/utils/lifecycle.js:255:16)
14 verbose stack     at emitTwo (events.js:106:13)
14 verbose stack     at EventEmitter.emit (events.js:191:7)
14 verbose stack     at ChildProcess.<anonymous> (/Users/toish/.nvm/versions/node/v6.9.2/lib/node_modules/npm/lib/utils/spawn.js:40:14)
14 verbose stack     at emitTwo (events.js:106:13)
14 verbose stack     at ChildProcess.emit (events.js:191:7)
14 verbose stack     at maybeClose (internal/child_process.js:877:16)
14 verbose stack     at Process.ChildProcess._handle.onexit (internal/child_process.js:226:5)
15 verbose pkgid chromatism@2.4.3
16 verbose cwd /Users/toish/dev/chromatism
17 error Darwin 16.3.0
18 error argv "/Users/toish/.nvm/versions/node/v6.9.2/bin/node" "/Users/toish/.nvm/versions/node/v6.9.2/bin/npm" "run" "test"
19 error node v6.9.2
20 error npm  v3.10.9
21 error code ELIFECYCLE
22 error chromatism@2.4.3 test: `mocha`
22 error Exit status 19
23 error Failed at the chromatism@2.4.3 test script 'mocha'.
23 error Make sure you have the latest version of node.js and npm installed.
23 error If you do, this is most likely a problem with the chromatism package,
23 error not with npm itself.
23 error Tell the author that this fails on your system:
23 error     mocha
23 error You can get information on how to open an issue for this project with:
23 error     npm bugs chromatism
23 error Or if that isn't available, you can get their info via:
23 error     npm owner ls chromatism
23 error There is likely additional logging output above.
24 verbose exit [ 1, true ]
